0 info it worked if it ends with ok
1 verbose cli [ 'D:\\Program Files\\node\\node.exe',
1 verbose cli   'C:\\Users\\Dmitry\\AppData\\Roaming\\npm\\node_modules\\npm\\bin\\npm-cli.js',
1 verbose cli   'start' ]
2 info using npm@4.1.2
3 info using node@v8.11.2
4 verbose run-script [ 'prestart', 'start', 'poststart' ]
5 info lifecycle @~prestart: @
6 silly lifecycle @~prestart: no script for prestart, continuing
7 info lifecycle @~start: @
8 verbose lifecycle @~start: unsafe-perm in lifecycle true
9 verbose lifecycle @~start: PATH: C:\Users\Dmitry\AppData\Roaming\npm\node_modules\npm\bin\node-gyp-bin;D:\Projects\forum-client\node_modules\.bin;D:\Programs\ImageMagick-7.0.6-Q16;d:\programs\graphicsmagick-1.3.26-q16;C:\ProgramData\Oracle\Java\javapath;C:\Program Files (x86)\Intel\iCLS Client\;C:\Program Files\Intel\iCLS Client\;C:\Windows\System32;C:\Windows;C:\Windows\System32\wbem;C:\Windows\System32\WindowsPowerShell\v1.0\;C:\Program Files (x86)\Intel\Intel(R) Management Engine Components\DAL;C:\Program Files\Intel\Intel(R) Management Engine Components\DAL;C:\Program Files (x86)\Intel\Intel(R) Management Engine Components\IPT;C:\Program Files\Intel\Intel(R) Management Engine Components\IPT;D:\Programs\jdk\bin\;D:\Programs\php-7.0.9-Win32-VC14-x64;D:\Programs\Heroku\bin;C:\Program Files (x86)\git\cmd;C:\Program Files\dotnet\;D:\Programs\Windows Kits\8.1\StandaloneSDK\Windows Performance Toolkit\;C:\Program Files\Microsoft SQL Server\130\Tools\Binn\;C:\Program Files (x86)\Windows Kits\10\Windows Performance Toolkit\;C:\Windows\System32;C:\Windows;C:\Windows\System32\wbem;C:\Windows\System32\WindowsPowerShell\v1.0\;C:\Program Files (x86)\Skype\Phone\;D:\Programs\Putty\;C:\Program Files (x86)\NVIDIA Corporation\PhysX\Common;D:\Programs\PDFtk Server\bin\;D:\Programs\PDFtk\bin\;C:\ProgramData\chocolatey\bin;C:\Program Files\Java\jdk1.8.0_144\bin;C:\Android\android-sdk\tools;C:\Android\android-sdk\platform-tools;C:\Windows\System32;C:\Windows;C:\Windows\System32\wbem;C:\Windows\System32\WindowsPowerShell\v1.0\;C:\Program Files\Intel\WiFi\bin\;C:\Program Files\Common Files\Intel\WirelessCommon\;D:\Programs\Bluetooth Command Line Tools\bin;D:\Program Files\Git\cmd;D:\Program Files\node\;D:\Programs\nginx-1.10.3\nginx-1.10.3;D:\Programs\mongo\bin;D:\Programs\python27\;D:\Programs\php-7.0.9-Win32-VC14-x64;D:\Programs\Nmap;D:\Programs\gs9.21\bin;C:\Users\Dmitry\AppData\Local\Microsoft\WindowsApps;C:\Program Files\Intel\WiFi\bin\;C:\Program Files\Common Files\Intel\WirelessCommon\;C:\Users\Dmitry\AppData\Roaming\npm
10 verbose lifecycle @~start: CWD: D:\Projects\forum-client
11 silly lifecycle @~start: Args: [ '/d /s /c', 'live-server' ]
12 silly lifecycle @~start: Returned: code: 3221225786  signal: null
13 info lifecycle @~start: Failed to exec start script
14 verbose stack Error: @ start: `live-server`
14 verbose stack Exit status 3221225786
14 verbose stack     at EventEmitter.<anonymous> (C:\Users\Dmitry\AppData\Roaming\npm\node_modules\npm\lib\utils\lifecycle.js:279:16)
14 verbose stack     at emitTwo (events.js:126:13)
14 verbose stack     at EventEmitter.emit (events.js:214:7)
14 verbose stack     at ChildProcess.<anonymous> (C:\Users\Dmitry\AppData\Roaming\npm\node_modules\npm\lib\utils\spawn.js:40:14)
14 verbose stack     at emitTwo (events.js:126:13)
14 verbose stack     at ChildProcess.emit (events.js:214:7)
14 verbose stack     at maybeClose (internal/child_process.js:925:16)
14 verbose stack     at Process.ChildProcess._handle.onexit (internal/child_process.js:209:5)
15 verbose pkgid @
16 verbose cwd D:\Projects\forum-client
17 error Windows_NT 10.0.16299
18 error argv "D:\\Program Files\\node\\node.exe" "C:\\Users\\Dmitry\\AppData\\Roaming\\npm\\node_modules\\npm\\bin\\npm-cli.js" "start"
19 error node v8.11.2
20 error npm  v4.1.2
21 error code ELIFECYCLE
22 error @ start: `live-server`
22 error Exit status 3221225786
23 error Failed at the @ start script 'live-server'.
23 error Make sure you have the latest version of node.js and npm installed.
23 error If you do, this is most likely a problem with the  package,
23 error not with npm itself.
23 error Tell the author that this fails on your system:
23 error     live-server
23 error You can get information on how to open an issue for this project with:
23 error     npm bugs
23 error Or if that isn't available, you can get their info via:
23 error     npm owner ls
23 error There is likely additional logging output above.
24 verbose exit [ 1, true ]
